#
# There is insufficient memory for the Java Runtime Environment to continue.
# Native memory allocation (mmap) failed to map 232783872 bytes for G1 virtual space
# Possible reasons:
#   The system is out of physical RAM or swap space
#   The process is running with CompressedOops enabled, and the Java Heap may be blocking the growth of the native heap
# Possible solutions:
#   Reduce memory load on the system
#   Increase physical memory or swap space
#   Check if swap backing store is full
#   Decrease Java heap size (-Xmx/-Xms)
#   Decrease number of Java threads
#   Decrease Java thread stack sizes (-Xss)
#   Set larger code cache with -XX:ReservedCodeCacheSize=
#   JVM is running with Zero Based Compressed Oops mode in which the Java heap is
#     placed in the first 32GB address space. The Java Heap base address is the
#     maximum limit for the native heap growth. Please use -XX:HeapBaseMinAddress
#     to set the Java Heap base and to place the Java Heap above 32GB virtual address.
# This output file may be truncated or incomplete.
#
#  Out of Memory Error (os_windows.cpp:3600), pid=19864, tid=18488
#
# JRE version:  (21.0.2+13) (build )
# Java VM: Java HotSpot(TM) 64-Bit Server VM (21.0.2+13-LTS-58, mixed mode, sharing, tiered, compressed oops, compressed class ptrs, g1 gc, windows-amd64)
# No core dump will be written. Minidumps are not enabled by default on client versions of Windows
#

---------------  S U M M A R Y ------------

Command Line: 

Host: AMD Ryzen 5 5500U with Radeon Graphics         , 12 cores, 13G,  Windows 11 , 64 bit Build 26100 (10.0.26100.7623)
Time: Sat Jan 31 23:59:42 2026 SE Asia Standard Time elapsed time: 1.569967 seconds (0d 0h 0m 1s)

---------------  T H R E A D  ---------------

Current thread (0x0000017b71e8dd50):  JavaThread "Unknown thread" [_thread_in_vm, id=18488, stack(0x0000006bdd800000,0x0000006bdd900000) (1024K)]

Stack: [0x0000006bdd800000,0x0000006bdd900000]
Native frames: (J=compiled Java code, j=interpreted, Vv=VM code, C=native code)
V  [jvm.dll+0x6cade9]
V  [jvm.dll+0x8569c1]
V  [jvm.dll+0x858d2e]
V  [jvm.dll+0x859413]
V  [jvm.dll+0x280e56]
V  [jvm.dll+0x6c74d5]
V  [jvm.dll+0x6bbeca]
V  [jvm.dll+0x355bca]
V  [jvm.dll+0x35d816]
V  [jvm.dll+0x3ae67e]
V  [jvm.dll+0x3ae928]
V  [jvm.dll+0x3295dc]
V  [jvm.dll+0x32a16b]
V  [jvm.dll+0x81efa9]
V  [jvm.dll+0x3bba01]
V  [jvm.dll+0x807928]
V  [jvm.dll+0x44f50e]
V  [jvm.dll+0x450e11]
C  [jli.dll+0x52a3]
C  [ucrtbase.dll+0x37b0]
C  [KERNEL32.DLL+0x2e8d7]
C  [ntdll.dll+0x8c53c]


---------------  P R O C E S S  ---------------

Threads class SMR info:
_java_thread_list=0x00007ffae829bb88, length=0, elements={
}

Java Threads: ( => current thread )
Total: 0

Other Threads:
  0x0000017b72470f80 WorkerThread "GC Thread#0"                     [id=20004, stack(0x0000006bdd900000,0x0000006bdda00000) (1024K)]
  0x0000017b72481d50 ConcurrentGCThread "G1 Main Marker"            [id=7800, stack(0x0000006bdda00000,0x0000006bddb00000) (1024K)]
  0x0000017b72484580 WorkerThread "G1 Conc#0"                       [id=21000, stack(0x0000006bddb00000,0x0000006bddc00000) (1024K)]

[error occurred during error reporting (printing all threads), id 0xc0000005, EXCEPTION_ACCESS_VIOLATION (0xc0000005) at pc=0x00007ffae7a0c6a7]
VM state: not at safepoint (not fully initialized)

VM Mutex/Monitor currently owned by a thread:  ([mutex/lock_event])
[0x00007ffae830ce68] Heap_lock - owner thread: 0x0000017b71e8dd50

Heap address: 0x0000000722200000, size: 3550 MB, Compressed Oops mode: Zero based, Oop shift amount: 3

CDS archive(s) mapped at: [0x0000000000000000-0x0000000000000000-0x0000000000000000), size 0, SharedBaseAddress: 0x0000000800000000, ArchiveRelocationMode: 1.
Narrow klass base: 0x0000000000000000, Narrow klass shift: 0, Narrow klass range: 0x0

GC Precious Log:
 CardTable entry size: 512
 Card Set container configuration: InlinePtr #cards 4 size 8 Array Of Cards #cards 16 size 48 Howl #buckets 8 coarsen threshold 3686 Howl Bitmap #cards 512 size 80 coarsen threshold 460 Card regions per heap region 1 cards per card region 4096

Heap:
 garbage-first heap   total 0K, used 0K [0x0000000722200000, 0x0000000800000000)
  region size 2048K, 0 young (0K), 0 survivors (0K)

[error occurred during error reporting (printing heap information), id 0xc0000005, EXCEPTION_ACCESS_VIOLATION (0xc0000005) at pc=0x00007ffae7df39f9]
GC Heap History (0 events):
No events

Dll operation events (1 events):
Event: 0.012 Loaded shared library C:\Program Files\Java\jdk-21\bin\java.dll

Deoptimization events (0 events):
No events

Classes loaded (0 events):
No events

Classes unloaded (0 events):
No events

Classes redefined (0 events):
No events

Internal exceptions (0 events):
No events

ZGC Phase Switch (0 events):
No events

VM Operations (0 events):
No events

Events (0 events):
No events


Dynamic libraries:
0x00007ff6f8ae0000 - 0x00007ff6f8af0000 	C:\Program Files\Java\jdk-21\bin\java.exe
0x00007ffb92a80000 - 0x00007ffb92ce7000 	C:\WINDOWS\SYSTEM32\ntdll.dll
0x00007ffb90cd0000 - 0x00007ffb90d99000 	C:\WINDOWS\System32\KERNEL32.DLL
0x00007ffb90130000 - 0x00007ffb9051f000 	C:\WINDOWS\System32\KERNELBASE.dll
0x00007ffb8fbd0000 - 0x00007ffb8fd1b000 	C:\WINDOWS\System32\ucrtbase.dll
0x00007ffb72b10000 - 0x00007ffb72b29000 	C:\Program Files\Java\jdk-21\bin\jli.dll
0x00007ffb70890000 - 0x00007ffb708ab000 	C:\Program Files\Java\jdk-21\bin\VCRUNTIME140.dll
0x00007ffb92440000 - 0x00007ffb924f4000 	C:\WINDOWS\System32\ADVAPI32.dll
0x00007ffb910f0000 - 0x00007ffb91199000 	C:\WINDOWS\System32\msvcrt.dll
0x00007ffb92390000 - 0x00007ffb92436000 	C:\WINDOWS\System32\sechost.dll
0x00007ffb921b0000 - 0x00007ffb922c8000 	C:\WINDOWS\System32\RPCRT4.dll
0x00007ffb908c0000 - 0x00007ffb90a85000 	C:\WINDOWS\System32\USER32.dll
0x00007ffb7d770000 - 0x00007ffb7da03000 	C:\WINDOWS\WinSxS\amd64_microsoft.windows.common-controls_6595b64144ccf1df_6.0.26100.7309_none_3e05feeae336a044\COMCTL32.dll
0x00007ffb906b0000 - 0x00007ffb906d7000 	C:\WINDOWS\System32\win32u.dll
0x00007ffb922d0000 - 0x00007ffb922fb000 	C:\WINDOWS\System32\GDI32.dll
0x00007ffb8fe90000 - 0x00007ffb8ffbc000 	C:\WINDOWS\System32\gdi32full.dll
0x00007ffb88ce0000 - 0x00007ffb88ceb000 	C:\WINDOWS\SYSTEM32\VERSION.dll
0x00007ffb906e0000 - 0x00007ffb90783000 	C:\WINDOWS\System32\msvcp_win.dll
0x00007ffb92170000 - 0x00007ffb921a1000 	C:\WINDOWS\System32\IMM32.DLL
0x00007ffb8ae00000 - 0x00007ffb8ae0c000 	C:\Program Files\Java\jdk-21\bin\vcruntime140_1.dll
0x00007ffb4b0f0000 - 0x00007ffb4b17e000 	C:\Program Files\Java\jdk-21\bin\msvcp140.dll
0x00007ffae76d0000 - 0x00007ffae83e7000 	C:\Program Files\Java\jdk-21\bin\server\jvm.dll
0x00007ffb92000000 - 0x00007ffb92074000 	C:\WINDOWS\System32\WS2_32.dll
0x00007ffb8fa50000 - 0x00007ffb8faae000 	C:\WINDOWS\SYSTEM32\POWRPROF.dll
0x00007ffb86f80000 - 0x00007ffb86fb5000 	C:\WINDOWS\SYSTEM32\WINMM.dll
0x00007ffb8fa30000 - 0x00007ffb8fa44000 	C:\WINDOWS\SYSTEM32\UMPDC.dll
0x00007ffb8e960000 - 0x00007ffb8e97b000 	C:\WINDOWS\SYSTEM32\kernel.appcore.dll
0x00007ffb8a350000 - 0x00007ffb8a35a000 	C:\Program Files\Java\jdk-21\bin\jimage.dll
0x00007ffb8d530000 - 0x00007ffb8d772000 	C:\WINDOWS\SYSTEM32\DBGHELP.DLL
0x00007ffb91ad0000 - 0x00007ffb91e56000 	C:\WINDOWS\System32\combase.dll
0x00007ffb92080000 - 0x00007ffb92156000 	C:\WINDOWS\System32\OLEAUT32.dll
0x00007ffb7aa00000 - 0x00007ffb7aa3c000 	C:\WINDOWS\SYSTEM32\dbgcore.DLL
0x00007ffb8fde0000 - 0x00007ffb8fe85000 	C:\WINDOWS\System32\bcryptPrimitives.dll
0x00007ffb70790000 - 0x00007ffb707af000 	C:\Program Files\Java\jdk-21\bin\java.dll

dbghelp: loaded successfully - version: 4.0.5 - missing functions: none
symbol engine: initialized successfully - sym options: 0x614 - pdb path: .;C:\Program Files\Java\jdk-21\bin;C:\WINDOWS\SYSTEM32;C:\WINDOWS\WinSxS\amd64_microsoft.windows.common-controls_6595b64144ccf1df_6.0.26100.7309_none_3e05feeae336a044;C:\Program Files\Java\jdk-21\bin\server

VM Arguments:
java_command: <unknown>
java_class_path (initial): <not set>
Launcher Type: SUN_STANDARD

[Global flags]
     intx CICompilerCount                          = 4                                         {product} {ergonomic}
     uint ConcGCThreads                            = 3                                         {product} {ergonomic}
     uint G1ConcRefinementThreads                  = 10                                        {product} {ergonomic}
   size_t G1HeapRegionSize                         = 2097152                                   {product} {ergonomic}
    uintx GCDrainStackTargetSize                   = 64                                        {product} {ergonomic}
   size_t InitialHeapSize                          = 232783872                                 {product} {ergonomic}
   size_t MarkStackSize                            = 4194304                                   {product} {ergonomic}
   size_t MaxHeapSize                              = 3722444800                                {product} {ergonomic}
   size_t MinHeapDeltaBytes                        = 2097152                                   {product} {ergonomic}
   size_t MinHeapSize                              = 8388608                                   {product} {ergonomic}
    uintx NonNMethodCodeHeapSize                   = 5839372                                {pd product} {ergonomic}
    uintx NonProfiledCodeHeapSize                  = 122909434                              {pd product} {ergonomic}
    uintx ProfiledCodeHeapSize                     = 122909434                              {pd product} {ergonomic}
    uintx ReservedCodeCacheSize                    = 251658240                              {pd product} {ergonomic}
     bool SegmentedCodeCache                       = true                                      {product} {ergonomic}
   size_t SoftMaxHeapSize                          = 3722444800                             {manageable} {ergonomic}
     bool UseCompressedOops                        = true                           {product lp64_product} {ergonomic}
     bool UseG1GC                                  = true                                      {product} {ergonomic}
     bool UseLargePagesIndividualAllocation        = false                                  {pd product} {ergonomic}

Logging:
Log output configuration:
 #0: stdout all=warning uptime,level,tags foldmultilines=false
 #1: stderr all=off uptime,level,tags foldmultilines=false

Environment Variables:
PATH=C:\laragon\bin\php\php-8.1.10-Win32-vs16-x64;C:\Python313\Scripts\;C:\Python313\;C:\Program Files\Common Files\Oracle\Java\javapath;C:\WINDOWS\system32;C:\WINDOWS;C:\WINDOWS\System32\Wbem;C:\WINDOWS\System32\WindowsPowerShell\v1.0\;C:\WINDOWS\System32\OpenSSH\;C:\Program Files\Java\jdk-21\bin;C:\Program Files\dotnet\;C:\Program Files\Azure Data Studio\bin;C:\ProgramData\chocolatey\bin;C:\laragon;C:\Program Files (x86)\ZeroTier\One\;C:\Program Files\PuTTY\;C:\laragon\www\;C:\Program Files\Git\cmd;C:\laragon\bin\php\php-8.3.19-Win32-vs16-x64;C:\Program Files\Azure Data Studio\bin;C:\Users\LENOVO\AppData\Local\Programs\Microsoft VS Code\bin;C:\Users\LENOVO\AppData\Roaming\Composer\vendor\bin;C:\Program Files\Java\jdk-21\bin;C:\src\flutter\bin;C:\Program Files\JetBrains\IntelliJ IDEA 2024.3.5\bin;;C:\Users\LENOVO\AppData\Local\Microsoft\WindowsApps;C:\Users\LENOVO\AppData\Roaming\npm
USERNAME=LENOVO
OS=Windows_NT
PROCESSOR_IDENTIFIER=AMD64 Family 23 Model 104 Stepping 1, AuthenticAMD
TMP=C:\Users\LENOVO\AppData\Local\Temp
TEMP=C:\Users\LENOVO\AppData\Local\Temp




Periodic native trim disabled

---------------  S Y S T E M  ---------------

OS:
 Windows 11 , 64 bit Build 26100 (10.0.26100.7623)
OS uptime: 1 days 6:07 hours
Hyper-V role detected

CPU: total 12 (initial active 12) (12 cores per cpu, 2 threads per core) family 23 model 104 stepping 1 microcode 0x8608103, cx8, cmov, fxsr, ht, mmx, 3dnowpref, sse, sse2, sse3, ssse3, sse4a, sse4.1, sse4.2, popcnt, lzcnt, tsc, tscinvbit, avx, avx2, aes, clmul, bmi1, bmi2, adx, sha, fma, vzeroupper, clflush, clflushopt, hv, rdtscp, rdpid, f16c
Processor Information for processor 0
  Max Mhz: 2100, Current Mhz: 2100, Mhz Limit: 2100
Processor Information for processor 1
  Max Mhz: 2100, Current Mhz: 1988, Mhz Limit: 2100
Processor Information for processor 2
  Max Mhz: 2100, Current Mhz: 2100, Mhz Limit: 2100
Processor Information for processor 3
  Max Mhz: 2100, Current Mhz: 1988, Mhz Limit: 2100
Processor Information for processor 4
  Max Mhz: 2100, Current Mhz: 2100, Mhz Limit: 2100
Processor Information for processor 5
  Max Mhz: 2100, Current Mhz: 1988, Mhz Limit: 2100
Processor Information for processor 6
  Max Mhz: 2100, Current Mhz: 2100, Mhz Limit: 2100
Processor Information for processor 7
  Max Mhz: 2100, Current Mhz: 1988, Mhz Limit: 2100
Processor Information for processor 8
  Max Mhz: 2100, Current Mhz: 1988, Mhz Limit: 2100
Processor Information for processor 9
  Max Mhz: 2100, Current Mhz: 2100, Mhz Limit: 2100
Processor Information for processor 10
  Max Mhz: 2100, Current Mhz: 1988, Mhz Limit: 2100
Processor Information for processor 11
  Max Mhz: 2100, Current Mhz: 2100, Mhz Limit: 2100

Memory: 4k page, system-wide physical 14197M (4763M free)
TotalPageFile size 14197M (AvailPageFile size 4M)
current process WorkingSet (physical memory assigned to process): 12M, peak: 12M
current process commit charge ("private bytes"): 64M, peak: 286M

vm_info: Java HotSpot(TM) 64-Bit Server VM (21.0.2+13-LTS-58) for windows-amd64 JRE (21.0.2+13-LTS-58), built on 2024-01-05T18:32:24Z by "mach5one" with MS VC++ 17.1 (VS2022)

END.
